# JRE version: Java(TM) SE Runtime Environment (8.0-b132) (build 1.8.0-b132)
# Java VM: Java HotSpot(TM) 64-Bit Server VM (25.0-b70 mixed mode bsd-amd64 compressed oops)
Heap:
 PSYoungGen      total 4608K, used 2604K [0x000000076ab00000, 0x000000076b200000, 0x00000007c0000000)
  eden space 3584K, 44% used [0x000000076ab00000,0x000000076ac8fe50,0x000000076ae80000)
  from space 1024K, 98% used [0x000000076b000000,0x000000076b0fb210,0x000000076b100000)
  to   space 1536K, 0% used [0x000000076ae80000,0x000000076ae80000,0x000000076b000000)
 ParOldGen       total 260608K, used 1100K [0x00000006c0000000, 0x00000006cfe80000, 0x000000076ab00000)
  object space 260608K, 0% used [0x00000006c0000000,0x00000006c0113130,0x00000006cfe80000)
 Metaspace       used 6885K, capacity 6955K, committed 7168K, reserved 1056768K
  class space    used 661K, capacity 688K, committed 768K, reserved 1048576K
GC Heap History (10 events):
Event: 0.609 GC heap before
{Heap before GC invocations=4 (full 0):
 PSYoungGen      total 1024K, used 1008K [0x000000076ab00000, 0x000000076ad00000, 0x00000007c0000000)
  eden space 512K, 100% used [0x000000076ab00000,0x000000076ab80000,0x000000076ab80000)
  from space 512K, 96% used [0x000000076ab80000,0x000000076abfc288,0x000000076ac00000)
  to   space 512K, 0% used [0x000000076ac80000,0x000000076ac80000,0x000000076ad00000)
 ParOldGen       total 260608K, used 192K [0x00000006c0000000, 0x00000006cfe80000, 0x000000076ab00000)
  object space 260608K, 0% used [0x00000006c0000000,0x00000006c0030020,0x00000006cfe80000)
 Metaspace       used 3229K, capacity 4792K, committed 5120K, reserved 1056768K
  class space    used 337K, capacity 424K, committed 512K, reserved 1048576K
Event: 0.610 GC heap after
Heap after GC invocations=4 (full 0):
 PSYoungGen      total 1536K, used 496K [0x000000076ab00000, 0x000000076ad00000, 0x00000007c0000000)
  eden space 1024K, 0% used [0x000000076ab00000,0x000000076ab00000,0x000000076ac00000)
  from space 512K, 96% used [0x000000076ac80000,0x000000076acfc010,0x000000076ad00000)
  to   space 512K, 0% used [0x000000076ac00000,0x000000076ac00000,0x000000076ac80000)
 ParOldGen       total 260608K, used 334K [0x00000006c0000000, 0x00000006cfe80000, 0x000000076ab00000)
  object space 260608K, 0% used [0x00000006c0000000,0x00000006c0053a80,0x00000006cfe80000)
 Metaspace       used 3229K, capacity 4792K, committed 5120K, reserved 1056768K
  class space    used 337K, capacity 424K, committed 512K, reserved 1048576K
}
Event: 0.785 GC heap before
{Heap before GC invocations=5 (full 0):
 PSYoungGen      total 1536K, used 1517K [0x000000076ab00000, 0x000000076ad00000, 0x00000007c0000000)
  eden space 1024K, 99% used [0x000000076ab00000,0x000000076abff400,0x000000076ac00000)
  from space 512K, 96% used [0x000000076ac80000,0x000000076acfc010,0x000000076ad00000)
  to   space 512K, 0% used [0x000000076ac00000,0x000000076ac00000,0x000000076ac80000)
 ParOldGen       total 260608K, used 334K [0x00000006c0000000, 0x00000006cfe80000, 0x000000076ab00000)
  object space 260608K, 0% used [0x00000006c0000000,0x00000006c0053a80,0x00000006cfe80000)
 Metaspace       used 3746K, capacity 4920K, committed 5120K, reserved 1056768K
  class space    used 399K, capacity 424K, committed 512K, reserved 1048576K
Event: 0.788 GC heap after
Heap after GC invocations=5 (full 0):
 PSYoungGen      total 1536K, used 496K [0x000000076ab00000, 0x000000076af00000, 0x00000007c0000000)
  eden space 1024K, 0% used [0x000000076ab00000,0x000000076ab00000,0x000000076ac00000)
  from space 512K, 96% used [0x000000076ac00000,0x000000076ac7c010,0x000000076ac80000)
  to   space 1024K, 0% used [0x000000076ae00000,0x000000076ae00000,0x000000076af00000)
 ParOldGen       total 260608K, used 674K [0x00000006c0000000, 0x00000006cfe80000, 0x000000076ab00000)
  object space 260608K, 0% used [0x00000006c0000000,0x00000006c00a8968,0x00000006cfe80000)
 Metaspace       used 3746K, capacity 4920K, committed 5120K, reserved 1056768K
  class space    used 399K, capacity 424K, committed 512K, reserved 1048576K
}
Event: 1.846 GC heap before
{Heap before GC invocations=6 (full 0):
 PSYoungGen      total 1536K, used 1520K [0x000000076ab00000, 0x000000076af00000, 0x00000007c0000000)
  eden space 1024K, 100% used [0x000000076ab00000,0x000000076ac00000,0x000000076ac00000)
  from space 512K, 96% used [0x000000076ac00000,0x000000076ac7c010,0x000000076ac80000)
  to   space 1024K, 0% used [0x000000076ae00000,0x000000076ae00000,0x000000076af00000)
 ParOldGen       total 260608K, used 674K [0x00000006c0000000, 0x00000006cfe80000, 0x000000076ab00000)
  object space 260608K, 0% used [0x00000006c0000000,0x00000006c00a8968,0x00000006cfe80000)
 Metaspace       used 4700K, capacity 5216K, committed 5504K, reserved 1056768K
  class space    used 509K, capacity 528K, committed 640K, reserved 1048576K
Event: 1.847 GC heap after
Heap after GC invocations=6 (full 0):
 PSYoungGen      total 3072K, used 845K [0x000000076ab00000, 0x000000076af00000, 0x00000007c0000000)
  eden space 2048K, 0% used [0x000000076ab00000,0x000000076ab00000,0x000000076ad00000)
  from space 1024K, 82% used [0x000000076ae00000,0x000000076aed3770,0x000000076af00000)
  to   space 1024K, 0% used [0x000000076ad00000,0x000000076ad00000,0x000000076ae00000)
 ParOldGen       total 260608K, used 682K [0x00000006c0000000, 0x00000006cfe80000, 0x000000076ab00000)
  object space 260608K, 0% used [0x00000006c0000000,0x00000006c00aa968,0x00000006cfe80000)
 Metaspace       used 4700K, capacity 5216K, committed 5504K, reserved 1056768K
  class space    used 509K, capacity 528K, committed 640K, reserved 1048576K
}
Event: 2.130 GC heap before
{Heap before GC invocations=7 (full 0):
 PSYoungGen      total 3072K, used 2893K [0x000000076ab00000, 0x000000076af00000, 0x00000007c0000000)
  eden space 2048K, 100% used [0x000000076ab00000,0x000000076ad00000,0x000000076ad00000)
  from space 1024K, 82% used [0x000000076ae00000,0x000000076aed3770,0x000000076af00000)
  to   space 1024K, 0% used [0x000000076ad00000,0x000000076ad00000,0x000000076ae00000)
 ParOldGen       total 260608K, used 682K [0x00000006c0000000, 0x00000006cfe80000, 0x000000076ab00000)
  object space 260608K, 0% used [0x00000006c0000000,0x00000006c00aa968,0x00000006cfe80000)
 Metaspace       used 5713K, capacity 5915K, committed 6016K, reserved 1056768K
  class space    used 584K, capacity 624K, committed 640K, reserved 1048576K
Event: 2.132 GC heap after
Heap after GC invocations=7 (full 0):
 PSYoungGen      total 3072K, used 755K [0x000000076ab00000, 0x000000076b100000, 0x00000007c0000000)
  eden space 2048K, 0% used [0x000000076ab00000,0x000000076ab00000,0x000000076ad00000)
  from space 1024K, 73% used [0x000000076ad00000,0x000000076adbcd60,0x000000076ae00000)
  to   space 1024K, 0% used [0x000000076b000000,0x000000076b000000,0x000000076b100000)
 ParOldGen       total 260608K, used 1012K [0x00000006c0000000, 0x00000006cfe80000, 0x000000076ab00000)
  object space 260608K, 0% used [0x00000006c0000000,0x00000006c00fd130,0x00000006cfe80000)
 Metaspace       used 5713K, capacity 5915K, committed 6016K, reserved 1056768K
  class space    used 584K, capacity 624K, committed 640K, reserved 1048576K
}
Event: 2.307 GC heap before
{Heap before GC invocations=8 (full 0):
 PSYoungGen      total 3072K, used 2803K [0x000000076ab00000, 0x000000076b100000, 0x00000007c0000000)
  eden space 2048K, 100% used [0x000000076ab00000,0x000000076ad00000,0x000000076ad00000)
  from space 1024K, 73% used [0x000000076ad00000,0x000000076adbcd60,0x000000076ae00000)
  to   space 1024K, 0% used [0x000000076b000000,0x000000076b000000,0x000000076b100000)
 ParOldGen       total 260608K, used 1012K [0x00000006c0000000, 0x00000006cfe80000, 0x000000076ab00000)
  object space 260608K, 0% used [0x00000006c0000000,0x00000006c00fd130,0x00000006cfe80000)
 Metaspace       used 6370K, capacity 6523K, committed 6656K, reserved 1056768K
  class space    used 613K, capacity 656K, committed 768K, reserved 1048576K
Event: 2.309 GC heap after
Heap after GC invocations=8 (full 0):
 PSYoungGen      total 4608K, used 1004K [0x000000076ab00000, 0x000000076b200000, 0x00000007c0000000)
  eden space 3584K, 0% used [0x000000076ab00000,0x000000076ab00000,0x000000076ae80000)
  from space 1024K, 98% used [0x000000076b000000,0x000000076b0fb210,0x000000076b100000)
  to   space 1536K, 0% used [0x000000076ae80000,0x000000076ae80000,0x000000076b000000)
 ParOldGen       total 260608K, used 1100K [0x00000006c0000000, 0x00000006cfe80000, 0x000000076ab00000)
  object space 260608K, 0% used [0x00000006c0000000,0x00000006c0113130,0x00000006cfe80000)
 Metaspace       used 6370K, capacity 6523K, committed 6656K, reserved 1056768K
  class space    used 613K, capacity 656K, committed 768K, reserved 1048576K
}

